build/outputs/logs/manifest-merger-debug-report.txt
-- Merging decision tree log ---
manifest
ADDED from EDC_System\AndroidManifest.xml:2:1-296:12
	package
		ADDED from EDC_System\AndroidManifest.xml:3:5-31
	android:versionName
		ADDED from EDC_System\AndroidManifest.xml:5:5-32
		INJECTED from EDC_System\AndroidManifest.xml
		INJECTED from EDC_System\AndroidManifest.xml
	android:versionCode
		ADDED from EDC_System\AndroidManifest.xml:4:5-32
		INJECTED from EDC_System\AndroidManifest.xml
		INJECTED from EDC_System\AndroidManifest.xml
	xmlns:android
		ADDED from EDC_System\AndroidManifest.xml:2:11-69
uses-sdk
ADDED from EDC_System\AndroidManifest.xml:7:5-9:41
	android:targetSdkVersion
		ADDED from EDC_System\AndroidManifest.xml:9:9-38
	android:minSdkVersion
		ADDED from EDC_System\AndroidManifest.xml:8:9-35
uses-permission#android.permission.WRITE_EXTERNAL_STORAGE
ADDED from EDC_System\AndroidManifest.xml:11:5-81
	android:name
		ADDED from EDC_System\AndroidManifest.xml:11:22-78
uses-permission#android.permission.MOUNT_UNMOUNT_FILESYSTEMS
ADDED from EDC_System\AndroidManifest.xml:12:5-84
	android:name
		ADDED from EDC_System\AndroidManifest.xml:12:22-81
uses-permission#android.permission.READ_EXTERNAL_STORAGE
ADDED from EDC_System\AndroidManifest.xml:13:5-80
	android:name
		ADDED from EDC_System\AndroidManifest.xml:13:22-77
uses-permission#android.permission.INTERNET
ADDED from EDC_System\AndroidManifest.xml:14:5-67
	android:name
		ADDED from EDC_System\AndroidManifest.xml:14:22-64
uses-permission#android.permission.ACCESS_WIFI_STATE
ADDED from EDC_System\AndroidManifest.xml:15:5-76
	android:name
		ADDED from EDC_System\AndroidManifest.xml:15:22-73
uses-permission#android.permission.ACCESS_NETWORK_STATE
ADDED from EDC_System\AndroidManifest.xml:16:5-79
	android:name
		ADDED from EDC_System\AndroidManifest.xml:16:22-76
uses-permission#android.permission.GET_PACKAGE_SIZE
ADDED from EDC_System\AndroidManifest.xml:17:5-75
	android:name
		ADDED from EDC_System\AndroidManifest.xml:17:22-72
supports-screens
ADDED from EDC_System\AndroidManifest.xml:19:5-24:40
	android:largeScreens
		ADDED from EDC_System\AndroidManifest.xml:21:9-36
	android:smallScreens
		ADDED from EDC_System\AndroidManifest.xml:23:9-36
	android:normalScreens
		ADDED from EDC_System\AndroidManifest.xml:22:9-37
	android:xlargeScreens
		ADDED from EDC_System\AndroidManifest.xml:24:9-37
	android:anyDensity
		ADDED from EDC_System\AndroidManifest.xml:20:9-34
application
ADDED from EDC_System\AndroidManifest.xml:26:5-294:19
	android:label
		ADDED from EDC_System\AndroidManifest.xml:30:9-41
	android:allowBackup
		ADDED from EDC_System\AndroidManifest.xml:28:9-35
	android:icon
		ADDED from EDC_System\AndroidManifest.xml:29:9-38
	android:theme
		ADDED from EDC_System\AndroidManifest.xml:31:9-44
	android:name
		ADDED from EDC_System\AndroidManifest.xml:27:9-51
activity#com.ukang.clinic.login.StartActivity
ADDED from EDC_System\AndroidManifest.xml:32:9-42:20
	android:screenOrientation
		ADDED from EDC_System\AndroidManifest.xml:36:13-50
	android:label
		ADDED from EDC_System\AndroidManifest.xml:35:13-45
	android:hardwareAccelerated
		ADDED from EDC_System\AndroidManifest.xml:34:13-48
	android:name
		ADDED from EDC_System\AndroidManifest.xml:33:13-48
intent-filter#android.intent.action.MAIN+android.intent.category.LAUNCHER
ADDED from EDC_System\AndroidManifest.xml:37:13-41:29
action#android.intent.action.MAIN
ADDED from EDC_System\AndroidManifest.xml:38:17-69
	android:name
		ADDED from EDC_System\AndroidManifest.xml:38:25-66
category#android.intent.category.LAUNCHER
ADDED from EDC_System\AndroidManifest.xml:40:17-77
	android:name
		ADDED from EDC_System\AndroidManifest.xml:40:27-74
activity#com.ukang.clinic.login.SwitchActivity
ADDED from EDC_System\AndroidManifest.xml:44:9-47:53
	android:screenOrientation
		ADDED from EDC_System\AndroidManifest.xml:47:13-50
	android:label
		ADDED from EDC_System\AndroidManifest.xml:46:13-56
	android:name
		ADDED from EDC_System\AndroidManifest.xml:45:13-49
activity#com.ukang.clinic.main.MainActivity
ADDED from EDC_System\AndroidManifest.xml:49:9-52:53
	android:screenOrientation
		ADDED from EDC_System\AndroidManifest.xml:52:13-50
	android:label
		ADDED from EDC_System\AndroidManifest.xml:51:13-56
	android:name
		ADDED from EDC_System\AndroidManifest.xml:50:13-46
activity#com.ukang.clinic.login.LoginActivity
ADDED from EDC_System\AndroidManifest.xml:54:9-57:53
	android:screenOrientation
		ADDED from EDC_System\AndroidManifest.xml:57:13-50
	android:label
		ADDED from EDC_System\AndroidManifest.xml:56:13-56
	android:name
		ADDED from EDC_System\AndroidManifest.xml:55:13-48
activity#com.ukang.clinic.login.RegisterActivity
ADDED from EDC_System\AndroidManifest.xml:59:9-62:53
	android:screenOrientation
		ADDED from EDC_System\AndroidManifest.xml:62:13-50
	android:label
		ADDED from EDC_System\AndroidManifest.xml:61:13-56
	android:name
		ADDED from EDC_System\AndroidManifest.xml:60:13-51
activity#com.ukang.clinic.login.GetBackPwdActivity
ADDED from EDC_System\AndroidManifest.xml:64:9-67:53
	android:screenOrientation
		ADDED from EDC_System\AndroidManifest.xml:67:13-50
	android:label
		ADDED from EDC_System\AndroidManifest.xml:66:13-56
	android:name
		ADDED from EDC_System\AndroidManifest.xml:65:13-53
activity#com.ukang.clinic.patient.MenuActivity
ADDED from EDC_System\AndroidManifest.xml:69:9-73:60
	android:screenOrientation
		ADDED from EDC_System\AndroidManifest.xml:72:13-50
	android:label
		ADDED from EDC_System\AndroidManifest.xml:71:13-56
	android:windowSoftInputMode
		ADDED from EDC_System\AndroidManifest.xml:73:13-57
	android:name
		ADDED from EDC_System\AndroidManifest.xml:70:13-49
activity#com.uakng.clinic.usercenter.PersonCenterActivity
ADDED from EDC_System\AndroidManifest.xml:75:9-78:53
	android:screenOrientation
		ADDED from EDC_System\AndroidManifest.xml:78:13-50
	android:label
		ADDED from EDC_System\AndroidManifest.xml:77:13-56
	android:name
		ADDED from EDC_System\AndroidManifest.xml:76:13-76
activity#com.ukang.clinic.activity.add.AddCaseActivity
ADDED from EDC_System\AndroidManifest.xml:80:9-84:60
	android:screenOrientation
		ADDED from EDC_System\AndroidManifest.xml:83:13-50
	android:label
		ADDED from EDC_System\AndroidManifest.xml:82:13-56
	android:windowSoftInputMode
		ADDED from EDC_System\AndroidManifest.xml:84:13-57
	android:name
		ADDED from EDC_System\AndroidManifest.xml:81:13-57
activity#com.ukang.clinic.activity.add.AddCombinationDrug
ADDED from EDC_System\AndroidManifest.xml:86:9-90:20
	android:screenOrientation
		ADDED from EDC_System\AndroidManifest.xml:89:13-50
	android:label
		ADDED from EDC_System\AndroidManifest.xml:88:13-72
	android:name
		ADDED from EDC_System\AndroidManifest.xml:87:13-60
activity#com.ukang.clinic.activity.add.AddSignOfLifeActivity
ADDED from EDC_System\AndroidManifest.xml:92:9-96:20
	android:screenOrientation
		ADDED from EDC_System\AndroidManifest.xml:95:13-50
	android:label
		ADDED from EDC_System\AndroidManifest.xml:94:13-68
	android:name
		ADDED from EDC_System\AndroidManifest.xml:93:13-63
activity#com.ukang.clinic.activity.add.AddMraActivity
ADDED from EDC_System\AndroidManifest.xml:98:9-102:20
	android:screenOrientation
		ADDED from EDC_System\AndroidManifest.xml:101:13-50
	android:label
		ADDED from EDC_System\AndroidManifest.xml:100:13-68
	android:name
		ADDED from EDC_System\AndroidManifest.xml:99:13-56
activity#com.ukang.clinic.utils.PhotoActivity
ADDED from EDC_System\AndroidManifest.xml:104:9-108:20
	android:screenOrientation
		ADDED from EDC_System\AndroidManifest.xml:107:13-50
	android:label
		ADDED from EDC_System\AndroidManifest.xml:106:13-68
	android:name
		ADDED from EDC_System\AndroidManifest.xml:105:13-48
activity#com.ukang.clinic.activity.add.AdverseEventAddActivity
ADDED from EDC_System\AndroidManifest.xml:110:9-114:20
	android:screenOrientation
		ADDED from EDC_System\AndroidManifest.xml:113:13-50
	android:label
		ADDED from EDC_System\AndroidManifest.xml:112:13-68
	android:name
		ADDED from EDC_System\AndroidManifest.xml:111:13-65
activity#com.uakng.clinic.announcement.AnnouncementActivity
ADDED from EDC_System\AndroidManifest.xml:116:9-119:53
	android:screenOrientation
		ADDED from EDC_System\AndroidManifest.xml:119:13-50
	android:label
		ADDED from EDC_System\AndroidManifest.xml:118:13-56
	android:name
		ADDED from EDC_System\AndroidManifest.xml:117:13-78
activity#com.uakng.clinic.announcement.DetailsActivity
ADDED from EDC_System\AndroidManifest.xml:121:9-126:20
	android:screenOrientation
		ADDED from EDC_System\AndroidManifest.xml:124:13-50
	android:label
		ADDED from EDC_System\AndroidManifest.xml:123:13-59
	android:windowSoftInputMode
		ADDED from EDC_System\AndroidManifest.xml:125:13-57
	android:name
		ADDED from EDC_System\AndroidManifest.xml:122:13-73
receiver#com.umeng.message.SystemReceiver
ADDED from EDC_System\AndroidManifest.xml:128:9-142:20
	android:process
		ADDED from EDC_System\AndroidManifest.xml:130:13-36
	android:name
		ADDED from EDC_System\AndroidManifest.xml:129:13-60
intent-filter#android.intent.action.BOOT_COMPLETED
ADDED from EDC_System\AndroidManifest.xml:131:13-133:29
action#android.intent.action.BOOT_COMPLETED
ADDED from EDC_System\AndroidManifest.xml:132:17-79
	android:name
		ADDED from EDC_System\AndroidManifest.xml:132:25-76
intent-filter#android.net.conn.CONNECTIVITY_CHANGE
ADDED from EDC_System\AndroidManifest.xml:134:13-136:29
action#android.net.conn.CONNECTIVITY_CHANGE
ADDED from EDC_System\AndroidManifest.xml:135:17-79
	android:name
		ADDED from EDC_System\AndroidManifest.xml:135:25-76
intent-filter#android.intent.action.PACKAGE_REMOVED
ADDED from EDC_System\AndroidManifest.xml:137:13-141:29
action#android.intent.action.PACKAGE_REMOVED
ADDED from EDC_System\AndroidManifest.xml:138:17-80
	android:name
		ADDED from EDC_System\AndroidManifest.xml:138:25-77
data
ADDED from EDC_System\AndroidManifest.xml:140:17-50
	android:scheme
		ADDED from EDC_System\AndroidManifest.xml:140:23-47
receiver#com.umeng.message.MessageReceiver
ADDED from EDC_System\AndroidManifest.xml:143:9-150:20
	android:process
		ADDED from EDC_System\AndroidManifest.xml:146:13-36
	android:exported
		ADDED from EDC_System\AndroidManifest.xml:145:13-37
	android:name
		ADDED from EDC_System\AndroidManifest.xml:144:13-61
intent-filter#org.agoo.android.intent.action.RECEIVE
ADDED from EDC_System\AndroidManifest.xml:147:13-149:29
action#org.agoo.android.intent.action.RECEIVE
ADDED from EDC_System\AndroidManifest.xml:148:17-81
	android:name
		ADDED from EDC_System\AndroidManifest.xml:148:25-78
receiver#com.umeng.message.ElectionReceiver
ADDED from EDC_System\AndroidManifest.xml:151:9-159:20
	android:process
		ADDED from EDC_System\AndroidManifest.xml:153:13-36
	android:name
		ADDED from EDC_System\AndroidManifest.xml:152:13-62
intent-filter#org.agoo.android.intent.action.ELECTION_RESULT_V4+umeng
ADDED from EDC_System\AndroidManifest.xml:154:13-158:29
action#org.agoo.android.intent.action.ELECTION_RESULT_V4
ADDED from EDC_System\AndroidManifest.xml:155:17-92
	android:name
		ADDED from EDC_System\AndroidManifest.xml:155:25-89
category#umeng
ADDED from EDC_System\AndroidManifest.xml:157:17-50
	android:name
		ADDED from EDC_System\AndroidManifest.xml:157:27-47
receiver#com.umeng.message.RegistrationReceiver
ADDED from EDC_System\AndroidManifest.xml:160:9-166:20
	android:exported
		ADDED from EDC_System\AndroidManifest.xml:162:13-37
	android:name
		ADDED from EDC_System\AndroidManifest.xml:161:13-66
intent-filter#com.ukang.baiyu.activity.intent.action.COMMAND
ADDED from EDC_System\AndroidManifest.xml:163:13-165:29
action#com.ukang.baiyu.activity.intent.action.COMMAND
ADDED from EDC_System\AndroidManifest.xml:164:17-89
	android:name
		ADDED from EDC_System\AndroidManifest.xml:164:25-86
receiver#com.umeng.message.UmengMessageBootReceiver
ADDED from EDC_System\AndroidManifest.xml:167:9-171:20
	android:name
		ADDED from EDC_System\AndroidManifest.xml:167:19-76
service#com.umeng.message.UmengService
ADDED from EDC_System\AndroidManifest.xml:173:9-189:19
	android:process
		ADDED from EDC_System\AndroidManifest.xml:177:13-36
	android:label
		ADDED from EDC_System\AndroidManifest.xml:176:13-40
	android:exported
		ADDED from EDC_System\AndroidManifest.xml:175:13-36
	android:name
		ADDED from EDC_System\AndroidManifest.xml:174:13-58
intent-filter#com.ukang.baiyu.activity.intent.action.START
ADDED from EDC_System\AndroidManifest.xml:178:13-180:29
action#com.ukang.baiyu.activity.intent.action.START
ADDED from EDC_System\AndroidManifest.xml:179:17-87
	android:name
		ADDED from EDC_System\AndroidManifest.xml:179:25-84
intent-filter#com.ukang.baiyu.activity.intent.action.COCKROACH
ADDED from EDC_System\AndroidManifest.xml:181:13-183:29
action#com.ukang.baiyu.activity.intent.action.COCKROACH
ADDED from EDC_System\AndroidManifest.xml:182:17-91
	android:name
		ADDED from EDC_System\AndroidManifest.xml:182:25-88
intent-filter#org.agoo.android.intent.action.PING_V4+umeng
ADDED from EDC_System\AndroidManifest.xml:184:13-188:29
action#org.agoo.android.intent.action.PING_V4
ADDED from EDC_System\AndroidManifest.xml:185:17-81
	android:name
		ADDED from EDC_System\AndroidManifest.xml:185:25-78
service#com.umeng.message.UmengIntentService
ADDED from EDC_System\AndroidManifest.xml:190:9-192:39
	android:process
		ADDED from EDC_System\AndroidManifest.xml:192:13-36
	android:name
		ADDED from EDC_System\AndroidManifest.xml:191:13-64
service#com.umeng.message.UmengMessageIntentReceiverService
ADDED from EDC_System\AndroidManifest.xml:193:9-203:19
	android:process
		ADDED from EDC_System\AndroidManifest.xml:196:13-36
	android:exported
		ADDED from EDC_System\AndroidManifest.xml:195:13-36
	android:name
		ADDED from EDC_System\AndroidManifest.xml:194:13-79
intent-filter#org.android.agoo.client.MessageReceiverService
ADDED from EDC_System\AndroidManifest.xml:197:13-199:29
action#org.android.agoo.client.MessageReceiverService
ADDED from EDC_System\AndroidManifest.xml:198:17-89
	android:name
		ADDED from EDC_System\AndroidManifest.xml:198:25-86
intent-filter#org.android.agoo.client.ElectionReceiverService
ADDED from EDC_System\AndroidManifest.xml:200:13-202:29
action#org.android.agoo.client.ElectionReceiverService
ADDED from EDC_System\AndroidManifest.xml:201:17-90
	android:name
		ADDED from EDC_System\AndroidManifest.xml:201:25-87
service#com.umeng.message.UmengMessageCallbackHandlerService
ADDED from EDC_System\AndroidManifest.xml:204:9-219:19
	android:exported
		ADDED from EDC_System\AndroidManifest.xml:206:13-37
	android:name
		ADDED from EDC_System\AndroidManifest.xml:205:13-80
intent-filter#com.umeng.messge.registercallback.action
ADDED from EDC_System\AndroidManifest.xml:207:13-209:29
action#com.umeng.messge.registercallback.action
ADDED from EDC_System\AndroidManifest.xml:208:17-83
	android:name
		ADDED from EDC_System\AndroidManifest.xml:208:25-80
intent-filter#com.umeng.message.unregistercallback.action
ADDED from EDC_System\AndroidManifest.xml:210:13-212:29
action#com.umeng.message.unregistercallback.action
ADDED from EDC_System\AndroidManifest.xml:211:17-86
	android:name
		ADDED from EDC_System\AndroidManifest.xml:211:25-83
intent-filter#com.umeng.message.message.handler.action
ADDED from EDC_System\AndroidManifest.xml:213:13-215:29
action#com.umeng.message.message.handler.action
ADDED from EDC_System\AndroidManifest.xml:214:17-83
	android:name
		ADDED from EDC_System\AndroidManifest.xml:214:25-80
intent-filter#com.umeng.message.autoupdate.handler.action
ADDED from EDC_System\AndroidManifest.xml:216:13-218:29
action#com.umeng.message.autoupdate.handler.action
ADDED from EDC_System\AndroidManifest.xml:217:17-86
	android:name
		ADDED from EDC_System\AndroidManifest.xml:217:25-83
service#com.umeng.message.UmengDownloadResourceService
ADDED from EDC_System\AndroidManifest.xml:220:9-82
	android:name
		ADDED from EDC_System\AndroidManifest.xml:220:18-79
service#com.umeng.message.local.UmengLocalNotificationService
ADDED from EDC_System\AndroidManifest.xml:221:9-223:40
	android:exported
		ADDED from EDC_System\AndroidManifest.xml:223:13-37
	android:name
		ADDED from EDC_System\AndroidManifest.xml:222:13-81
service#com.umeng.update.net.DownloadingService
ADDED from EDC_System\AndroidManifest.xml:224:9-226:53
	android:process
		ADDED from EDC_System\AndroidManifest.xml:226:13-50
	android:name
		ADDED from EDC_System\AndroidManifest.xml:225:13-67
activity#com.umeng.update.UpdateDialogActivity
ADDED from EDC_System\AndroidManifest.xml:228:9-230:75
	android:theme
		ADDED from EDC_System\AndroidManifest.xml:230:13-72
	android:name
		ADDED from EDC_System\AndroidManifest.xml:229:13-65
activity#com.umeng.socialize.editorpage.ShareActivity
ADDED from EDC_System\AndroidManifest.xml:231:9-234:75
	android:excludeFromRecents
		ADDED from EDC_System\AndroidManifest.xml:233:13-46
	android:theme
		ADDED from EDC_System\AndroidManifest.xml:234:13-72
	android:name
		ADDED from EDC_System\AndroidManifest.xml:232:13-72
activity#com.ukang.clinic.wxapi.WXEntryActivity
ADDED from EDC_System\AndroidManifest.xml:235:9-240:75
	android:screenOrientation
		ADDED from EDC_System\AndroidManifest.xml:239:13-49
	android:exported
		ADDED from EDC_System\AndroidManifest.xml:238:13-36
	android:configChanges
		ADDED from EDC_System\AndroidManifest.xml:237:13-74
	android:theme
		ADDED from EDC_System\AndroidManifest.xml:240:13-72
	android:name
		ADDED from EDC_System\AndroidManifest.xml:236:13-50
activity#com.ukang.clinic.WBShareActivity
ADDED from EDC_System\AndroidManifest.xml:241:9-250:20
	android:screenOrientation
		ADDED from EDC_System\AndroidManifest.xml:244:13-49
	android:configChanges
		ADDED from EDC_System\AndroidManifest.xml:243:13-63
	android:name
		ADDED from EDC_System\AndroidManifest.xml:242:13-44
intent-filter#android.intent.category.DEFAULT+com.sina.weibo.sdk.action.ACTION_SDK_REQ_ACTIVITY
ADDED from EDC_System\AndroidManifest.xml:245:13-249:29
action#com.sina.weibo.sdk.action.ACTION_SDK_REQ_ACTIVITY
ADDED from EDC_System\AndroidManifest.xml:246:17-92
	android:name
		ADDED from EDC_System\AndroidManifest.xml:246:25-89
category#android.intent.category.DEFAULT
ADDED from EDC_System\AndroidManifest.xml:248:17-76
	android:name
		ADDED from EDC_System\AndroidManifest.xml:248:27-73
activity#com.sina.weibo.sdk.component.WeiboSdkBrowser
ADDED from EDC_System\AndroidManifest.xml:251:9-255:58
	android:exported
		ADDED from EDC_System\AndroidManifest.xml:254:13-37
	android:windowSoftInputMode
		ADDED from EDC_System\AndroidManifest.xml:255:13-55
	android:configChanges
		ADDED from EDC_System\AndroidManifest.xml:253:13-63
	android:name
		ADDED from EDC_System\AndroidManifest.xml:252:13-72
service#com.sina.weibo.sdk.net.DownloadService
ADDED from EDC_System\AndroidManifest.xml:257:9-259:40
	android:exported
		ADDED from EDC_System\AndroidManifest.xml:259:13-37
	android:name
		ADDED from EDC_System\AndroidManifest.xml:258:13-66
activity#com.tencent.tauth.AuthActivity
ADDED from EDC_System\AndroidManifest.xml:261:9-273:20
	android:launchMode
		ADDED from EDC_System\AndroidManifest.xml:263:13-44
	android:noHistory
		ADDED from EDC_System\AndroidManifest.xml:264:13-37
	android:name
		ADDED from EDC_System\AndroidManifest.xml:262:13-58
intent-filter#android.intent.action.VIEW+android.intent.category.BROWSABLE+android.intent.category.DEFAULT
ADDED from EDC_System\AndroidManifest.xml:265:13-272:29
action#android.intent.action.VIEW
ADDED from EDC_System\AndroidManifest.xml:266:17-69
	android:name
		ADDED from EDC_System\AndroidManifest.xml:266:25-66
category#android.intent.category.BROWSABLE
ADDED from EDC_System\AndroidManifest.xml:269:17-78
	android:name
		ADDED from EDC_System\AndroidManifest.xml:269:27-75
activity#com.tencent.connect.common.AssistActivity
ADDED from EDC_System\AndroidManifest.xml:274:9-277:75
	android:screenOrientation
		ADDED from EDC_System\AndroidManifest.xml:276:13-49
	android:theme
		ADDED from EDC_System\AndroidManifest.xml:277:13-72
	android:name
		ADDED from EDC_System\AndroidManifest.xml:275:13-69
meta-data#com.baidu.lbsapi.API_KEY
ADDED from EDC_System\AndroidManifest.xml:279:9-281:56
	android:value
		ADDED from EDC_System\AndroidManifest.xml:281:13-53
	android:name
		ADDED from EDC_System\AndroidManifest.xml:280:13-52
meta-data#UMENG_APPKEY
ADDED from EDC_System\AndroidManifest.xml:282:9-284:56
	android:value
		ADDED from EDC_System\AndroidManifest.xml:284:13-53
	android:name
		ADDED from EDC_System\AndroidManifest.xml:283:13-40
meta-data#UMENG_CHANNEL
ADDED from EDC_System\AndroidManifest.xml:285:9-287:37
	android:value
		ADDED from EDC_System\AndroidManifest.xml:287:13-34
	android:name
		ADDED from EDC_System\AndroidManifest.xml:286:13-41
meta-data#UMENG_MESSAGE_SECRET
ADDED from EDC_System\AndroidManifest.xml:288:9-290:64
	android:value
		ADDED from EDC_System\AndroidManifest.xml:290:13-61
	android:name
		ADDED from EDC_System\AndroidManifest.xml:289:13-48
meta-data#APP_KEY
ADDED from EDC_System\AndroidManifest.xml:291:9-293:47
	android:value
		ADDED from EDC_System\AndroidManifest.xml:293:13-44
	android:name
		ADDED from EDC_System\AndroidManifest.xml:292:13-35